Build started 10/15/2015 10:54:23 PM.
     1>Project "C:\Users\Charles\Desktop\C++ Projects\Projects\BlockNinja\BlockNinja\BlockNinja.vcxproj" on node 2 (Build target(s)).
     1>ClCompile:
         C:\Program Files (x86)\Microsoft Visual Studio 12.0\VC\bin\CL.exe /c /I./include /ZI /nologo /W3 /WX- /sdl /Od /Oy- /D WIN32 /D _DEBUG /D _CONSOLE /D _LIB /D _UNICODE /D UNICODE /Gm /EHsc /RTC1 /MDd /GS /fp:precise /Zc:wchar_t /Zc:forScope /Fo"Debug\\" /Fd"Debug\vc120.pdb" /Gd /TP /analyze- /errorReport:prompt Background.cpp Collision.cpp Main.cpp Game.cpp Mouse.cpp Music.cpp Player.cpp Score.cpp SDL_setup.cpp sprites.cpp Text.cpp TextAndOptions.cpp Walls.cpp
         Walls.cpp
     1>c:\users\charles\desktop\c++ projects\projects\blockninja\blockninja\walls.cpp(35): warning C4156: deletion of an array expression without using the array form of 'delete'; array form substituted
     1>c:\users\charles\desktop\c++ projects\projects\blockninja\blockninja\walls.cpp(35): warning C4154: deletion of an array expression; conversion to pointer supplied
     1>c:\users\charles\desktop\c++ projects\projects\blockninja\blockninja\walls.cpp(36): warning C4156: deletion of an array expression without using the array form of 'delete'; array form substituted
     1>c:\users\charles\desktop\c++ projects\projects\blockninja\blockninja\walls.cpp(36): warning C4154: deletion of an array expression; conversion to pointer supplied
         TextAndOptions.cpp
     1>c:\users\charles\desktop\c++ projects\projects\blockninja\blockninja\textandoptions.cpp(11): warning C4244: '=' : conversion from 'double' to 'int', possible loss of data
         Text.cpp
         sprites.cpp
         SDL_setup.cpp
         Score.cpp
     1>c:\users\charles\desktop\c++ projects\projects\blockninja\blockninja\score.cpp(23): warning C4156: deletion of an array expression without using the array form of 'delete'; array form substituted
     1>c:\users\charles\desktop\c++ projects\projects\blockninja\blockninja\score.cpp(23): warning C4154: deletion of an array expression; conversion to pointer supplied
         Player.cpp
     1>c:\users\charles\desktop\c++ projects\projects\blockninja\blockninja\player.cpp(35): warning C4156: deletion of an array expression without using the array form of 'delete'; array form substituted
     1>c:\users\charles\desktop\c++ projects\projects\blockninja\blockninja\player.cpp(35): warning C4154: deletion of an array expression; conversion to pointer supplied
         Music.cpp
         Mouse.cpp
         Game.cpp
     1>c:\users\charles\desktop\c++ projects\projects\blockninja\blockninja\game.cpp(31): warning C4244: 'argument' : conversion from 'time_t' to 'unsigned int', possible loss of data
     1>c:\users\charles\desktop\c++ projects\projects\blockninja\blockninja\game.cpp(51): warning C4018: '<' : signed/unsigned mismatch
         Main.cpp
         Collision.cpp
     1>c:\users\charles\desktop\c++ projects\projects\blockninja\blockninja\collision.cpp(55): warning C4800: 'bool *' : forcing value to bool 'true' or 'false' (performance warning)
         Background.cpp
         Generating Code...
       Link:
         C:\Program Files (x86)\Microsoft Visual Studio 12.0\VC\bin\link.exe /ERRORREPORT:PROMPT /OUT:"C:\Users\Charles\Desktop\C++ Projects\Projects\BlockNinja\Debug\BlockNinja.exe" /INCREMENTAL /NOLOGO /LIBPATH:./lib SDL2.lib SDL2main.lib SDL2_mixer.lib SDL2_image.lib SDL2_ttf.lib kernel32.lib user32.lib gdi32.lib winspool.lib comdlg32.lib advapi32.lib shell32.lib ole32.lib oleaut32.lib uuid.lib odbc32.lib odbccp32.lib /MANIFEST /MANIFESTUAC:"level='asInvoker' uiAccess='false'" /manifest:embed /DEBUG /PDB:"C:\Users\Charles\Desktop\C++ Projects\Projects\BlockNinja\Debug\BlockNinja.pdb" /SUBSYSTEM:CONSOLE /TLBID:1 /DYNAMICBASE /NXCOMPAT /IMPLIB:"C:\Users\Charles\Desktop\C++ Projects\Projects\BlockNinja\Debug\BlockNinja.lib" /MACHINE:X86 Debug\Background.obj
         Debug\Collision.obj
         Debug\Main.obj
         Debug\Game.obj
         Debug\Mouse.obj
         Debug\Music.obj
         Debug\Player.obj
         Debug\Score.obj
         Debug\SDL_setup.obj
         Debug\sprites.obj
         Debug\Text.obj
         Debug\TextAndOptions.obj
         Debug\Walls.obj
     1>MSVCRTD.lib(cinitexe.obj) : warning LNK4098: defaultlib 'msvcrt.lib' conflicts with use of other libs; use /NODEFAULTLIB:library
         BlockNinja.vcxproj -> C:\Users\Charles\Desktop\C++ Projects\Projects\BlockNinja\Debug\BlockNinja.exe
     1>Done Building Project "C:\Users\Charles\Desktop\C++ Projects\Projects\BlockNinja\BlockNinja\BlockNinja.vcxproj" (Build target(s)).

Build succeeded.

Time Elapsed 00:00:12.54
